{"C:\\vscode\\project\\vidly\\index.js": {"path":"C:\\vscode\\project\\vidly\\index.js","statementMap":{"0":{"start":{"line":1,"column":16},"end":{"line":1,"column":34}},"1":{"start":{"line":2,"column":16},"end":{"line":2,"column":34}},"2":{"start":{"line":3,"column":12},"end":{"line":3,"column":21}},"3":{"start":{"line":5,"column":0},"end":{"line":5,"column":31}},"4":{"start":{"line":6,"column":0},"end":{"line":6,"column":33}},"5":{"start":{"line":7,"column":0},"end":{"line":7,"column":26}},"6":{"start":{"line":8,"column":0},"end":{"line":8,"column":30}},"7":{"start":{"line":9,"column":0},"end":{"line":9,"column":34}},"8":{"start":{"line":11,"column":13},"end":{"line":11,"column":34}},"9":{"start":{"line":12,"column":15},"end":{"line":12,"column":82}},"10":{"start":{"line":12,"column":38},"end":{"line":12,"column":81}},"11":{"start":{"line":14,"column":0},"end":{"line":14,"column":24}}},"fnMap":{"0":{"name":"(anonymous_0)","decl":{"start":{"line":12,"column":32},"end":{"line":12,"column":33}},"loc":{"start":{"line":12,"column":38},"end":{"line":12,"column":81}},"line":12}},"branchMap":{"0":{"loc":{"start":{"line":11,"column":13},"end":{"line":11,"column":34}},"type":"binary-expr","locations":[{"start":{"line":11,"column":13},"end":{"line":11,"column":29}},{"start":{"line":11,"column":33},"end":{"line":11,"column":34}}],"line":11}},"s":{"0":3,"1":3,"2":3,"3":3,"4":3,"5":3,"6":3,"7":3,"8":3,"9":3,"10":3,"11":3},"f":{"0":3},"b":{"0":[3,3]},"_coverageSchema":"1a1c01bbd47fc00a2c39e90264f33305004495a9","hash":"6be5bb15f746fbaf89cdb975e4a6a1647930f25a"}
,"C:\\vscode\\project\\vidly\\middleware\\admin.js": {"path":"C:\\vscode\\project\\vidly\\middleware\\admin.js","statementMap":{"0":{"start":{"line":1,"column":0},"end":{"line":5,"column":1}},"1":{"start":{"line":2,"column":4},"end":{"line":2,"column":71}},"2":{"start":{"line":2,"column":27},"end":{"line":2,"column":71}},"3":{"start":{"line":4,"column":4},"end":{"line":4,"column":11}}},"fnMap":{"0":{"name":"(anonymous_0)","decl":{"start":{"line":1,"column":17},"end":{"line":1,"column":18}},"loc":{"start":{"line":1,"column":42},"end":{"line":5,"column":1}},"line":1}},"branchMap":{"0":{"loc":{"start":{"line":2,"column":4},"end":{"line":2,"column":71}},"type":"if","locations":[{"start":{"line":2,"column":4},"end":{"line":2,"column":71}},{"start":{},"end":{}}],"line":2}},"s":{"0":3,"1":0,"2":0,"3":0},"f":{"0":0},"b":{"0":[0,0]},"_coverageSchema":"1a1c01bbd47fc00a2c39e90264f33305004495a9","hash":"ccc6a6accf9ad370a2e0d37b1956b2b0bb7708e2"}
,"C:\\vscode\\project\\vidly\\middleware\\auth.js": {"path":"C:\\vscode\\project\\vidly\\middleware\\auth.js","statementMap":{"0":{"start":{"line":1,"column":12},"end":{"line":1,"column":35}},"1":{"start":{"line":2,"column":15},"end":{"line":2,"column":32}},"2":{"start":{"line":3,"column":0},"end":{"line":14,"column":2}},"3":{"start":{"line":4,"column":16},"end":{"line":4,"column":42}},"4":{"start":{"line":5,"column":2},"end":{"line":5,"column":79}},"5":{"start":{"line":5,"column":14},"end":{"line":5,"column":79}},"6":{"start":{"line":7,"column":2},"end":{"line":13,"column":3}},"7":{"start":{"line":8,"column":20},"end":{"line":8,"column":66}},"8":{"start":{"line":9,"column":4},"end":{"line":9,"column":23}},"9":{"start":{"line":10,"column":4},"end":{"line":10,"column":11}},"10":{"start":{"line":12,"column":4},"end":{"line":12,"column":43}}},"fnMap":{"0":{"name":"(anonymous_0)","decl":{"start":{"line":3,"column":17},"end":{"line":3,"column":18}},"loc":{"start":{"line":3,"column":43},"end":{"line":14,"column":1}},"line":3}},"branchMap":{"0":{"loc":{"start":{"line":5,"column":2},"end":{"line":5,"column":79}},"type":"if","locations":[{"start":{"line":5,"column":2},"end":{"line":5,"column":79}},{"start":{},"end":{}}],"line":5}},"s":{"0":4,"1":4,"2":4,"3":17,"4":17,"5":3,"6":14,"7":14,"8":14,"9":14,"10":0},"f":{"0":17},"b":{"0":[3,14]},"_coverageSchema":"1a1c01bbd47fc00a2c39e90264f33305004495a9","hash":"2e7b47a2ab65c59b0729ab1137151421dce62abc"}
,"C:\\vscode\\project\\vidly\\middleware\\error.js": {"path":"C:\\vscode\\project\\vidly\\middleware\\error.js","statementMap":{"0":{"start":{"line":1,"column":16},"end":{"line":1,"column":34}},"1":{"start":{"line":3,"column":0},"end":{"line":7,"column":2}},"2":{"start":{"line":4,"column":2},"end":{"line":4,"column":34}},"3":{"start":{"line":6,"column":2},"end":{"line":6,"column":47}}},"fnMap":{"0":{"name":"(anonymous_0)","decl":{"start":{"line":3,"column":17},"end":{"line":3,"column":18}},"loc":{"start":{"line":3,"column":48},"end":{"line":7,"column":1}},"line":3}},"branchMap":{},"s":{"0":3,"1":3,"2":0,"3":0},"f":{"0":0},"b":{},"_coverageSchema":"1a1c01bbd47fc00a2c39e90264f33305004495a9","hash":"55457b73c8e689bdba16e6f03d622380c77f1bb8"}
,"C:\\vscode\\project\\vidly\\middleware\\validate.js": {"path":"C:\\vscode\\project\\vidly\\middleware\\validate.js","statementMap":{"0":{"start":{"line":1,"column":0},"end":{"line":7,"column":4}},"1":{"start":{"line":2,"column":4},"end":{"line":6,"column":6}},"2":{"start":{"line":3,"column":24},"end":{"line":3,"column":43}},"3":{"start":{"line":4,"column":6},"end":{"line":4,"column":71}},"4":{"start":{"line":4,"column":17},"end":{"line":4,"column":71}},"5":{"start":{"line":5,"column":6},"end":{"line":5,"column":13}}},"fnMap":{"0":{"name":"(anonymous_0)","decl":{"start":{"line":1,"column":17},"end":{"line":1,"column":18}},"loc":{"start":{"line":1,"column":32},"end":{"line":7,"column":3}},"line":1},"1":{"name":"(anonymous_1)","decl":{"start":{"line":2,"column":11},"end":{"line":2,"column":12}},"loc":{"start":{"line":2,"column":31},"end":{"line":6,"column":5}},"line":2}},"branchMap":{"0":{"loc":{"start":{"line":4,"column":6},"end":{"line":4,"column":71}},"type":"if","locations":[{"start":{"line":4,"column":6},"end":{"line":4,"column":71}},{"start":{},"end":{}}],"line":4}},"s":{"0":3,"1":3,"2":9,"3":9,"4":2,"5":7},"f":{"0":3,"1":9},"b":{"0":[2,7]},"_coverageSchema":"1a1c01bbd47fc00a2c39e90264f33305004495a9","hash":"75e354c12295f7cbe6688f0c1696b8064811d8f5"}
,"C:\\vscode\\project\\vidly\\middleware\\validateObjectId.js": {"path":"C:\\vscode\\project\\vidly\\middleware\\validateObjectId.js","statementMap":{"0":{"start":{"line":1,"column":17},"end":{"line":1,"column":36}},"1":{"start":{"line":3,"column":0},"end":{"line":8,"column":1}},"2":{"start":{"line":4,"column":4},"end":{"line":5,"column":56}},"3":{"start":{"line":5,"column":8},"end":{"line":5,"column":56}},"4":{"start":{"line":7,"column":4},"end":{"line":7,"column":11}}},"fnMap":{"0":{"name":"(anonymous_0)","decl":{"start":{"line":3,"column":17},"end":{"line":3,"column":18}},"loc":{"start":{"line":3,"column":42},"end":{"line":8,"column":1}},"line":3}},"branchMap":{"0":{"loc":{"start":{"line":4,"column":4},"end":{"line":5,"column":56}},"type":"if","locations":[{"start":{"line":4,"column":4},"end":{"line":5,"column":56}},{"start":{},"end":{}}],"line":4}},"s":{"0":3,"1":3,"2":0,"3":0,"4":0},"f":{"0":0},"b":{"0":[0,0]},"_coverageSchema":"1a1c01bbd47fc00a2c39e90264f33305004495a9","hash":"8409d0792fc72061f343f077990059448aeb8d50"}
,"C:\\vscode\\project\\vidly\\models\\customer.js": {"path":"C:\\vscode\\project\\vidly\\models\\customer.js","statementMap":{"0":{"start":{"line":1,"column":17},"end":{"line":1,"column":36}},"1":{"start":{"line":2,"column":12},"end":{"line":2,"column":26}},"2":{"start":{"line":4,"column":17},"end":{"line":24,"column":1}},"3":{"start":{"line":27,"column":17},"end":{"line":31,"column":4}},"4":{"start":{"line":33,"column":2},"end":{"line":33,"column":35}},"5":{"start":{"line":36,"column":0},"end":{"line":36,"column":28}},"6":{"start":{"line":37,"column":0},"end":{"line":37,"column":36}}},"fnMap":{"0":{"name":"validateCustomer","decl":{"start":{"line":26,"column":9},"end":{"line":26,"column":25}},"loc":{"start":{"line":26,"column":36},"end":{"line":34,"column":1}},"line":26}},"branchMap":{},"s":{"0":3,"1":3,"2":3,"3":0,"4":0,"5":3,"6":3},"f":{"0":0},"b":{},"_coverageSchema":"1a1c01bbd47fc00a2c39e90264f33305004495a9","hash":"8eece66d9a84d5b643071d5e8660244196ee5218"}
,"C:\\vscode\\project\\vidly\\models\\genre.js": {"path":"C:\\vscode\\project\\vidly\\models\\genre.js","statementMap":{"0":{"start":{"line":1,"column":17},"end":{"line":1,"column":36}},"1":{"start":{"line":2,"column":12},"end":{"line":2,"column":26}},"2":{"start":{"line":4,"column":20},"end":{"line":11,"column":2}},"3":{"start":{"line":13,"column":14},"end":{"line":13,"column":50}},"4":{"start":{"line":16,"column":17},"end":{"line":18,"column":4}},"5":{"start":{"line":20,"column":2},"end":{"line":20,"column":32}},"6":{"start":{"line":23,"column":0},"end":{"line":23,"column":29}},"7":{"start":{"line":24,"column":0},"end":{"line":24,"column":41}},"8":{"start":{"line":25,"column":0},"end":{"line":25,"column":40}}},"fnMap":{"0":{"name":"validateGenre","decl":{"start":{"line":15,"column":9},"end":{"line":15,"column":22}},"loc":{"start":{"line":15,"column":30},"end":{"line":21,"column":1}},"line":15}},"branchMap":{},"s":{"0":3,"1":3,"2":3,"3":3,"4":4,"5":4,"6":3,"7":3,"8":3},"f":{"0":4},"b":{},"_coverageSchema":"1a1c01bbd47fc00a2c39e90264f33305004495a9","hash":"a1cd06a747ebda351b6ed7e1078a8e16ca887f47"}
,"C:\\vscode\\project\\vidly\\models\\movie.js": {"path":"C:\\vscode\\project\\vidly\\models\\movie.js","statementMap":{"0":{"start":{"line":1,"column":12},"end":{"line":1,"column":26}},"1":{"start":{"line":2,"column":17},"end":{"line":2,"column":36}},"2":{"start":{"line":3,"column":24},"end":{"line":3,"column":42}},"3":{"start":{"line":5,"column":14},"end":{"line":32,"column":1}},"4":{"start":{"line":35,"column":19},"end":{"line":40,"column":6}},"5":{"start":{"line":41,"column":4},"end":{"line":41,"column":34}},"6":{"start":{"line":44,"column":0},"end":{"line":44,"column":22}},"7":{"start":{"line":46,"column":0},"end":{"line":46,"column":33}}},"fnMap":{"0":{"name":"validateMovie","decl":{"start":{"line":34,"column":9},"end":{"line":34,"column":22}},"loc":{"start":{"line":34,"column":30},"end":{"line":42,"column":1}},"line":34}},"branchMap":{},"s":{"0":3,"1":3,"2":3,"3":3,"4":0,"5":0,"6":3,"7":3},"f":{"0":0},"b":{},"_coverageSchema":"1a1c01bbd47fc00a2c39e90264f33305004495a9","hash":"4fa1e66e97fc5a2a8d54ae070499c141125fab9a"}
,"C:\\vscode\\project\\vidly\\models\\rental.js": {"path":"C:\\vscode\\project\\vidly\\models\\rental.js","statementMap":{"0":{"start":{"line":1,"column":12},"end":{"line":1,"column":26}},"1":{"start":{"line":2,"column":17},"end":{"line":2,"column":36}},"2":{"start":{"line":3,"column":15},"end":{"line":3,"column":32}},"3":{"start":{"line":5,"column":21},"end":{"line":58,"column":2}},"4":{"start":{"line":60,"column":0},"end":{"line":65,"column":2}},"5":{"start":{"line":61,"column":2},"end":{"line":64,"column":5}},"6":{"start":{"line":67,"column":0},"end":{"line":73,"column":2}},"7":{"start":{"line":68,"column":2},"end":{"line":68,"column":33}},"8":{"start":{"line":71,"column":21},"end":{"line":71,"column":56}},"9":{"start":{"line":72,"column":2},"end":{"line":72,"column":59}},"10":{"start":{"line":75,"column":15},"end":{"line":75,"column":53}},"11":{"start":{"line":78,"column":17},"end":{"line":81,"column":4}},"12":{"start":{"line":82,"column":2},"end":{"line":82,"column":33}},"13":{"start":{"line":85,"column":0},"end":{"line":85,"column":24}},"14":{"start":{"line":87,"column":0},"end":{"line":87,"column":34}}},"fnMap":{"0":{"name":"(anonymous_0)","decl":{"start":{"line":60,"column":30},"end":{"line":60,"column":31}},"loc":{"start":{"line":60,"column":61},"end":{"line":65,"column":1}},"line":60},"1":{"name":"(anonymous_1)","decl":{"start":{"line":67,"column":30},"end":{"line":67,"column":31}},"loc":{"start":{"line":67,"column":42},"end":{"line":73,"column":1}},"line":67},"2":{"name":"validateRental","decl":{"start":{"line":77,"column":9},"end":{"line":77,"column":23}},"loc":{"start":{"line":77,"column":32},"end":{"line":83,"column":1}},"line":77}},"branchMap":{},"s":{"0":3,"1":3,"2":3,"3":3,"4":3,"5":7,"6":3,"7":5,"8":5,"9":5,"10":3,"11":0,"12":0,"13":3,"14":3},"f":{"0":7,"1":5,"2":0},"b":{},"_coverageSchema":"1a1c01bbd47fc00a2c39e90264f33305004495a9","hash":"9cfd924bc53daf188768b317dd8c88558a519829"}
,"C:\\vscode\\project\\vidly\\models\\user.js": {"path":"C:\\vscode\\project\\vidly\\models\\user.js","statementMap":{"0":{"start":{"line":1,"column":15},"end":{"line":1,"column":32}},"1":{"start":{"line":2,"column":12},"end":{"line":2,"column":35}},"2":{"start":{"line":3,"column":12},"end":{"line":3,"column":26}},"3":{"start":{"line":4,"column":17},"end":{"line":4,"column":36}},"4":{"start":{"line":6,"column":19},"end":{"line":28,"column":2}},"5":{"start":{"line":30,"column":0},"end":{"line":36,"column":2}},"6":{"start":{"line":31,"column":16},"end":{"line":34,"column":3}},"7":{"start":{"line":35,"column":2},"end":{"line":35,"column":15}},"8":{"start":{"line":38,"column":13},"end":{"line":38,"column":47}},"9":{"start":{"line":41,"column":17},"end":{"line":45,"column":4}},"10":{"start":{"line":46,"column":2},"end":{"line":46,"column":31}},"11":{"start":{"line":49,"column":0},"end":{"line":49,"column":20}},"12":{"start":{"line":51,"column":0},"end":{"line":51,"column":36}}},"fnMap":{"0":{"name":"(anonymous_0)","decl":{"start":{"line":30,"column":39},"end":{"line":30,"column":40}},"loc":{"start":{"line":30,"column":51},"end":{"line":36,"column":1}},"line":30},"1":{"name":"validateUser","decl":{"start":{"line":40,"column":9},"end":{"line":40,"column":21}},"loc":{"start":{"line":40,"column":28},"end":{"line":47,"column":1}},"line":40}},"branchMap":{},"s":{"0":5,"1":5,"2":5,"3":5,"4":5,"5":5,"6":18,"7":18,"8":5,"9":0,"10":0,"11":5,"12":5},"f":{"0":18,"1":0},"b":{},"_coverageSchema":"1a1c01bbd47fc00a2c39e90264f33305004495a9","hash":"0cfe1841d1eb3dbe7a85c9d73a66c7db7d652477"}
,"C:\\vscode\\project\\vidly\\routes\\auth.js": {"path":"C:\\vscode\\project\\vidly\\routes\\auth.js","statementMap":{"0":{"start":{"line":1,"column":12},"end":{"line":1,"column":26}},"1":{"start":{"line":2,"column":15},"end":{"line":2,"column":32}},"2":{"start":{"line":3,"column":10},"end":{"line":3,"column":27}},"3":{"start":{"line":4,"column":17},"end":{"line":4,"column":42}},"4":{"start":{"line":5,"column":16},"end":{"line":5,"column":34}},"5":{"start":{"line":6,"column":15},"end":{"line":6,"column":31}},"6":{"start":{"line":8,"column":0},"end":{"line":11,"column":3}},"7":{"start":{"line":9,"column":16},"end":{"line":9,"column":46}},"8":{"start":{"line":10,"column":2},"end":{"line":10,"column":18}},"9":{"start":{"line":13,"column":0},"end":{"line":26,"column":3}},"10":{"start":{"line":14,"column":20},"end":{"line":14,"column":38}},"11":{"start":{"line":15,"column":2},"end":{"line":15,"column":67}},"12":{"start":{"line":15,"column":13},"end":{"line":15,"column":67}},"13":{"start":{"line":17,"column":13},"end":{"line":17,"column":58}},"14":{"start":{"line":18,"column":2},"end":{"line":18,"column":70}},"15":{"start":{"line":18,"column":13},"end":{"line":18,"column":70}},"16":{"start":{"line":20,"column":24},"end":{"line":20,"column":78}},"17":{"start":{"line":21,"column":2},"end":{"line":21,"column":79}},"18":{"start":{"line":21,"column":22},"end":{"line":21,"column":79}},"19":{"start":{"line":23,"column":16},"end":{"line":23,"column":40}},"20":{"start":{"line":25,"column":2},"end":{"line":25,"column":18}},"21":{"start":{"line":29,"column":17},"end":{"line":32,"column":4}},"22":{"start":{"line":33,"column":2},"end":{"line":33,"column":30}},"23":{"start":{"line":36,"column":0},"end":{"line":36,"column":24}}},"fnMap":{"0":{"name":"(anonymous_0)","decl":{"start":{"line":8,"column":16},"end":{"line":8,"column":17}},"loc":{"start":{"line":8,"column":36},"end":{"line":11,"column":1}},"line":8},"1":{"name":"(anonymous_1)","decl":{"start":{"line":13,"column":17},"end":{"line":13,"column":18}},"loc":{"start":{"line":13,"column":37},"end":{"line":26,"column":1}},"line":13},"2":{"name":"validate","decl":{"start":{"line":28,"column":9},"end":{"line":28,"column":17}},"loc":{"start":{"line":28,"column":23},"end":{"line":34,"column":1}},"line":28}},"branchMap":{"0":{"loc":{"start":{"line":15,"column":2},"end":{"line":15,"column":67}},"type":"if","locations":[{"start":{"line":15,"column":2},"end":{"line":15,"column":67}},{"start":{},"end":{}}],"line":15},"1":{"loc":{"start":{"line":18,"column":2},"end":{"line":18,"column":70}},"type":"if","locations":[{"start":{"line":18,"column":2},"end":{"line":18,"column":70}},{"start":{},"end":{}}],"line":18},"2":{"loc":{"start":{"line":21,"column":2},"end":{"line":21,"column":79}},"type":"if","locations":[{"start":{"line":21,"column":2},"end":{"line":21,"column":79}},{"start":{},"end":{}}],"line":21}},"s":{"0":3,"1":3,"2":3,"3":3,"4":3,"5":3,"6":3,"7":0,"8":0,"9":3,"10":0,"11":0,"12":0,"13":0,"14":0,"15":0,"16":0,"17":0,"18":0,"19":0,"20":0,"21":0,"22":0,"23":3},"f":{"0":0,"1":0,"2":0},"b":{"0":[0,0],"1":[0,0],"2":[0,0]},"_coverageSchema":"1a1c01bbd47fc00a2c39e90264f33305004495a9","hash":"8fc94bc2eb4663020344af339016448943ba9587"}
,"C:\\vscode\\project\\vidly\\routes\\customers.js": {"path":"C:\\vscode\\project\\vidly\\routes\\customers.js","statementMap":{"0":{"start":{"line":1,"column":31},"end":{"line":1,"column":60}},"1":{"start":{"line":2,"column":16},"end":{"line":2,"column":34}},"2":{"start":{"line":3,"column":15},"end":{"line":3,"column":31}},"3":{"start":{"line":5,"column":0},"end":{"line":8,"column":3}},"4":{"start":{"line":6,"column":20},"end":{"line":6,"column":54}},"5":{"start":{"line":7,"column":2},"end":{"line":7,"column":22}},"6":{"start":{"line":10,"column":0},"end":{"line":21,"column":3}},"7":{"start":{"line":11,"column":20},"end":{"line":11,"column":38}},"8":{"start":{"line":12,"column":2},"end":{"line":12,"column":67}},"9":{"start":{"line":12,"column":13},"end":{"line":12,"column":67}},"10":{"start":{"line":14,"column":17},"end":{"line":18,"column":4}},"11":{"start":{"line":19,"column":2},"end":{"line":19,"column":35}},"12":{"start":{"line":20,"column":2},"end":{"line":20,"column":21}},"13":{"start":{"line":23,"column":0},"end":{"line":39,"column":3}},"14":{"start":{"line":24,"column":20},"end":{"line":24,"column":38}},"15":{"start":{"line":25,"column":2},"end":{"line":25,"column":67}},"16":{"start":{"line":25,"column":13},"end":{"line":25,"column":67}},"17":{"start":{"line":27,"column":19},"end":{"line":33,"column":3}},"18":{"start":{"line":35,"column":2},"end":{"line":36,"column":77}},"19":{"start":{"line":36,"column":4},"end":{"line":36,"column":77}},"20":{"start":{"line":38,"column":2},"end":{"line":38,"column":21}},"21":{"start":{"line":41,"column":0},"end":{"line":48,"column":3}},"22":{"start":{"line":42,"column":19},"end":{"line":42,"column":66}},"23":{"start":{"line":44,"column":2},"end":{"line":45,"column":77}},"24":{"start":{"line":45,"column":4},"end":{"line":45,"column":77}},"25":{"start":{"line":47,"column":2},"end":{"line":47,"column":21}},"26":{"start":{"line":50,"column":0},"end":{"line":57,"column":3}},"27":{"start":{"line":51,"column":19},"end":{"line":51,"column":57}},"28":{"start":{"line":53,"column":2},"end":{"line":54,"column":77}},"29":{"start":{"line":54,"column":4},"end":{"line":54,"column":77}},"30":{"start":{"line":56,"column":2},"end":{"line":56,"column":21}},"31":{"start":{"line":59,"column":0},"end":{"line":59,"column":24}}},"fnMap":{"0":{"name":"(anonymous_0)","decl":{"start":{"line":5,"column":16},"end":{"line":5,"column":17}},"loc":{"start":{"line":5,"column":36},"end":{"line":8,"column":1}},"line":5},"1":{"name":"(anonymous_1)","decl":{"start":{"line":10,"column":17},"end":{"line":10,"column":18}},"loc":{"start":{"line":10,"column":37},"end":{"line":21,"column":1}},"line":10},"2":{"name":"(anonymous_2)","decl":{"start":{"line":23,"column":19},"end":{"line":23,"column":20}},"loc":{"start":{"line":23,"column":39},"end":{"line":39,"column":1}},"line":23},"3":{"name":"(anonymous_3)","decl":{"start":{"line":41,"column":22},"end":{"line":41,"column":23}},"loc":{"start":{"line":41,"column":42},"end":{"line":48,"column":1}},"line":41},"4":{"name":"(anonymous_4)","decl":{"start":{"line":50,"column":19},"end":{"line":50,"column":20}},"loc":{"start":{"line":50,"column":39},"end":{"line":57,"column":1}},"line":50}},"branchMap":{"0":{"loc":{"start":{"line":12,"column":2},"end":{"line":12,"column":67}},"type":"if","locations":[{"start":{"line":12,"column":2},"end":{"line":12,"column":67}},{"start":{},"end":{}}],"line":12},"1":{"loc":{"start":{"line":25,"column":2},"end":{"line":25,"column":67}},"type":"if","locations":[{"start":{"line":25,"column":2},"end":{"line":25,"column":67}},{"start":{},"end":{}}],"line":25},"2":{"loc":{"start":{"line":35,"column":2},"end":{"line":36,"column":77}},"type":"if","locations":[{"start":{"line":35,"column":2},"end":{"line":36,"column":77}},{"start":{},"end":{}}],"line":35},"3":{"loc":{"start":{"line":44,"column":2},"end":{"line":45,"column":77}},"type":"if","locations":[{"start":{"line":44,"column":2},"end":{"line":45,"column":77}},{"start":{},"end":{}}],"line":44},"4":{"loc":{"start":{"line":53,"column":2},"end":{"line":54,"column":77}},"type":"if","locations":[{"start":{"line":53,"column":2},"end":{"line":54,"column":77}},{"start":{},"end":{}}],"line":53}},"s":{"0":3,"1":3,"2":3,"3":3,"4":0,"5":0,"6":3,"7":0,"8":0,"9":0,"10":0,"11":0,"12":0,"13":3,"14":0,"15":0,"16":0,"17":0,"18":0,"19":0,"20":0,"21":3,"22":0,"23":0,"24":0,"25":0,"26":3,"27":0,"28":0,"29":0,"30":0,"31":3},"f":{"0":0,"1":0,"2":0,"3":0,"4":0},"b":{"0":[0,0],"1":[0,0],"2":[0,0],"3":[0,0],"4":[0,0]},"_coverageSchema":"1a1c01bbd47fc00a2c39e90264f33305004495a9","hash":"afb517ca9c47cad8f5c036766a07a6ab872c1e24"}
,"C:\\vscode\\project\\vidly\\routes\\genres.js": {"path":"C:\\vscode\\project\\vidly\\routes\\genres.js","statementMap":{"0":{"start":{"line":1,"column":25},"end":{"line":1,"column":66}},"1":{"start":{"line":2,"column":30},"end":{"line":2,"column":49}},"2":{"start":{"line":3,"column":14},"end":{"line":3,"column":44}},"3":{"start":{"line":4,"column":13},"end":{"line":4,"column":42}},"4":{"start":{"line":5,"column":28},"end":{"line":5,"column":54}},"5":{"start":{"line":6,"column":16},"end":{"line":6,"column":34}},"6":{"start":{"line":7,"column":15},"end":{"line":7,"column":31}},"7":{"start":{"line":9,"column":0},"end":{"line":12,"column":3}},"8":{"start":{"line":10,"column":17},"end":{"line":10,"column":48}},"9":{"start":{"line":11,"column":2},"end":{"line":11,"column":19}},"10":{"start":{"line":14,"column":0},"end":{"line":21,"column":3}},"11":{"start":{"line":15,"column":20},"end":{"line":15,"column":38}},"12":{"start":{"line":16,"column":2},"end":{"line":16,"column":67}},"13":{"start":{"line":16,"column":13},"end":{"line":16,"column":67}},"14":{"start":{"line":18,"column":14},"end":{"line":18,"column":48}},"15":{"start":{"line":19,"column":2},"end":{"line":19,"column":29}},"16":{"start":{"line":20,"column":2},"end":{"line":20,"column":18}},"17":{"start":{"line":23,"column":0},"end":{"line":39,"column":3}},"18":{"start":{"line":24,"column":20},"end":{"line":24,"column":38}},"19":{"start":{"line":25,"column":2},"end":{"line":25,"column":67}},"20":{"start":{"line":25,"column":13},"end":{"line":25,"column":67}},"21":{"start":{"line":27,"column":16},"end":{"line":33,"column":3}},"22":{"start":{"line":35,"column":2},"end":{"line":36,"column":74}},"23":{"start":{"line":36,"column":4},"end":{"line":36,"column":74}},"24":{"start":{"line":38,"column":2},"end":{"line":38,"column":18}},"25":{"start":{"line":41,"column":0},"end":{"line":48,"column":3}},"26":{"start":{"line":42,"column":16},"end":{"line":42,"column":60}},"27":{"start":{"line":44,"column":2},"end":{"line":45,"column":74}},"28":{"start":{"line":45,"column":4},"end":{"line":45,"column":74}},"29":{"start":{"line":47,"column":2},"end":{"line":47,"column":18}},"30":{"start":{"line":50,"column":0},"end":{"line":57,"column":3}},"31":{"start":{"line":51,"column":16},"end":{"line":51,"column":51}},"32":{"start":{"line":53,"column":2},"end":{"line":54,"column":74}},"33":{"start":{"line":54,"column":4},"end":{"line":54,"column":74}},"34":{"start":{"line":56,"column":2},"end":{"line":56,"column":18}},"35":{"start":{"line":59,"column":0},"end":{"line":59,"column":24}}},"fnMap":{"0":{"name":"(anonymous_0)","decl":{"start":{"line":9,"column":16},"end":{"line":9,"column":17}},"loc":{"start":{"line":9,"column":36},"end":{"line":12,"column":1}},"line":9},"1":{"name":"(anonymous_1)","decl":{"start":{"line":14,"column":23},"end":{"line":14,"column":24}},"loc":{"start":{"line":14,"column":43},"end":{"line":21,"column":1}},"line":14},"2":{"name":"(anonymous_2)","decl":{"start":{"line":23,"column":19},"end":{"line":23,"column":20}},"loc":{"start":{"line":23,"column":39},"end":{"line":39,"column":1}},"line":23},"3":{"name":"(anonymous_3)","decl":{"start":{"line":41,"column":37},"end":{"line":41,"column":38}},"loc":{"start":{"line":41,"column":57},"end":{"line":48,"column":1}},"line":41},"4":{"name":"(anonymous_4)","decl":{"start":{"line":50,"column":37},"end":{"line":50,"column":38}},"loc":{"start":{"line":50,"column":57},"end":{"line":57,"column":1}},"line":50}},"branchMap":{"0":{"loc":{"start":{"line":16,"column":2},"end":{"line":16,"column":67}},"type":"if","locations":[{"start":{"line":16,"column":2},"end":{"line":16,"column":67}},{"start":{},"end":{}}],"line":16},"1":{"loc":{"start":{"line":25,"column":2},"end":{"line":25,"column":67}},"type":"if","locations":[{"start":{"line":25,"column":2},"end":{"line":25,"column":67}},{"start":{},"end":{}}],"line":25},"2":{"loc":{"start":{"line":35,"column":2},"end":{"line":36,"column":74}},"type":"if","locations":[{"start":{"line":35,"column":2},"end":{"line":36,"column":74}},{"start":{},"end":{}}],"line":35},"3":{"loc":{"start":{"line":44,"column":2},"end":{"line":45,"column":74}},"type":"if","locations":[{"start":{"line":44,"column":2},"end":{"line":45,"column":74}},{"start":{},"end":{}}],"line":44},"4":{"loc":{"start":{"line":53,"column":2},"end":{"line":54,"column":74}},"type":"if","locations":[{"start":{"line":53,"column":2},"end":{"line":54,"column":74}},{"start":{},"end":{}}],"line":53}},"s":{"0":3,"1":3,"2":3,"3":3,"4":3,"5":3,"6":3,"7":3,"8":1,"9":1,"10":3,"11":4,"12":4,"13":2,"14":2,"15":2,"16":2,"17":3,"18":0,"19":0,"20":0,"21":0,"22":0,"23":0,"24":0,"25":3,"26":0,"27":0,"28":0,"29":0,"30":3,"31":0,"32":0,"33":0,"34":0,"35":3},"f":{"0":1,"1":4,"2":0,"3":0,"4":0},"b":{"0":[2,2],"1":[0,0],"2":[0,0],"3":[0,0],"4":[0,0]},"_coverageSchema":"1a1c01bbd47fc00a2c39e90264f33305004495a9","hash":"f5486455b6f0847ee823b0b5db7b387ddd8df7a6"}
,"C:\\vscode\\project\\vidly\\routes\\movies.js": {"path":"C:\\vscode\\project\\vidly\\routes\\movies.js","statementMap":{"0":{"start":{"line":1,"column":28},"end":{"line":1,"column":54}},"1":{"start":{"line":2,"column":18},"end":{"line":2,"column":44}},"2":{"start":{"line":3,"column":16},"end":{"line":3,"column":34}},"3":{"start":{"line":4,"column":15},"end":{"line":4,"column":31}},"4":{"start":{"line":7,"column":0},"end":{"line":10,"column":3}},"5":{"start":{"line":8,"column":17},"end":{"line":8,"column":35}},"6":{"start":{"line":9,"column":2},"end":{"line":9,"column":19}},"7":{"start":{"line":13,"column":0},"end":{"line":30,"column":3}},"8":{"start":{"line":14,"column":20},"end":{"line":14,"column":38}},"9":{"start":{"line":15,"column":2},"end":{"line":15,"column":67}},"10":{"start":{"line":15,"column":13},"end":{"line":15,"column":67}},"11":{"start":{"line":18,"column":16},"end":{"line":18,"column":54}},"12":{"start":{"line":19,"column":2},"end":{"line":19,"column":60}},"13":{"start":{"line":19,"column":14},"end":{"line":19,"column":60}},"14":{"start":{"line":21,"column":16},"end":{"line":26,"column":4}},"15":{"start":{"line":28,"column":1},"end":{"line":28,"column":20}},"16":{"start":{"line":29,"column":2},"end":{"line":29,"column":18}},"17":{"start":{"line":33,"column":0},"end":{"line":56,"column":3}},"18":{"start":{"line":34,"column":20},"end":{"line":34,"column":38}},"19":{"start":{"line":35,"column":2},"end":{"line":35,"column":67}},"20":{"start":{"line":35,"column":13},"end":{"line":35,"column":67}},"21":{"start":{"line":38,"column":16},"end":{"line":38,"column":54}},"22":{"start":{"line":39,"column":2},"end":{"line":39,"column":60}},"23":{"start":{"line":39,"column":14},"end":{"line":39,"column":60}},"24":{"start":{"line":42,"column":16},"end":{"line":51,"column":3}},"25":{"start":{"line":53,"column":2},"end":{"line":53,"column":88}},"26":{"start":{"line":53,"column":14},"end":{"line":53,"column":88}},"27":{"start":{"line":55,"column":2},"end":{"line":55,"column":18}},"28":{"start":{"line":59,"column":0},"end":{"line":65,"column":3}},"29":{"start":{"line":60,"column":16},"end":{"line":60,"column":60}},"30":{"start":{"line":62,"column":2},"end":{"line":62,"column":88}},"31":{"start":{"line":62,"column":14},"end":{"line":62,"column":88}},"32":{"start":{"line":64,"column":2},"end":{"line":64,"column":18}},"33":{"start":{"line":68,"column":0},"end":{"line":73,"column":3}},"34":{"start":{"line":69,"column":16},"end":{"line":69,"column":51}},"35":{"start":{"line":70,"column":2},"end":{"line":70,"column":88}},"36":{"start":{"line":70,"column":14},"end":{"line":70,"column":88}},"37":{"start":{"line":72,"column":2},"end":{"line":72,"column":18}},"38":{"start":{"line":75,"column":0},"end":{"line":75,"column":24}}},"fnMap":{"0":{"name":"(anonymous_0)","decl":{"start":{"line":7,"column":16},"end":{"line":7,"column":17}},"loc":{"start":{"line":7,"column":36},"end":{"line":10,"column":1}},"line":7},"1":{"name":"(anonymous_1)","decl":{"start":{"line":13,"column":17},"end":{"line":13,"column":18}},"loc":{"start":{"line":13,"column":37},"end":{"line":30,"column":1}},"line":13},"2":{"name":"(anonymous_2)","decl":{"start":{"line":33,"column":19},"end":{"line":33,"column":20}},"loc":{"start":{"line":33,"column":39},"end":{"line":56,"column":1}},"line":33},"3":{"name":"(anonymous_3)","decl":{"start":{"line":59,"column":22},"end":{"line":59,"column":23}},"loc":{"start":{"line":59,"column":42},"end":{"line":65,"column":1}},"line":59},"4":{"name":"(anonymous_4)","decl":{"start":{"line":68,"column":19},"end":{"line":68,"column":20}},"loc":{"start":{"line":68,"column":39},"end":{"line":73,"column":1}},"line":68}},"branchMap":{"0":{"loc":{"start":{"line":15,"column":2},"end":{"line":15,"column":67}},"type":"if","locations":[{"start":{"line":15,"column":2},"end":{"line":15,"column":67}},{"start":{},"end":{}}],"line":15},"1":{"loc":{"start":{"line":19,"column":2},"end":{"line":19,"column":60}},"type":"if","locations":[{"start":{"line":19,"column":2},"end":{"line":19,"column":60}},{"start":{},"end":{}}],"line":19},"2":{"loc":{"start":{"line":35,"column":2},"end":{"line":35,"column":67}},"type":"if","locations":[{"start":{"line":35,"column":2},"end":{"line":35,"column":67}},{"start":{},"end":{}}],"line":35},"3":{"loc":{"start":{"line":39,"column":2},"end":{"line":39,"column":60}},"type":"if","locations":[{"start":{"line":39,"column":2},"end":{"line":39,"column":60}},{"start":{},"end":{}}],"line":39},"4":{"loc":{"start":{"line":53,"column":2},"end":{"line":53,"column":88}},"type":"if","locations":[{"start":{"line":53,"column":2},"end":{"line":53,"column":88}},{"start":{},"end":{}}],"line":53},"5":{"loc":{"start":{"line":62,"column":2},"end":{"line":62,"column":88}},"type":"if","locations":[{"start":{"line":62,"column":2},"end":{"line":62,"column":88}},{"start":{},"end":{}}],"line":62},"6":{"loc":{"start":{"line":70,"column":2},"end":{"line":70,"column":88}},"type":"if","locations":[{"start":{"line":70,"column":2},"end":{"line":70,"column":88}},{"start":{},"end":{}}],"line":70}},"s":{"0":3,"1":3,"2":3,"3":3,"4":3,"5":0,"6":0,"7":3,"8":0,"9":0,"10":0,"11":0,"12":0,"13":0,"14":0,"15":0,"16":0,"17":3,"18":0,"19":0,"20":0,"21":0,"22":0,"23":0,"24":0,"25":0,"26":0,"27":0,"28":3,"29":0,"30":0,"31":0,"32":0,"33":3,"34":0,"35":0,"36":0,"37":0,"38":3},"f":{"0":0,"1":0,"2":0,"3":0,"4":0},"b":{"0":[0,0],"1":[0,0],"2":[0,0],"3":[0,0],"4":[0,0],"5":[0,0],"6":[0,0]},"_coverageSchema":"1a1c01bbd47fc00a2c39e90264f33305004495a9","hash":"3f89c2192e01a4afead1882f02b54a006db8913c"}
,"C:\\vscode\\project\\vidly\\routes\\rentals.js": {"path":"C:\\vscode\\project\\vidly\\routes\\rentals.js","statementMap":{"0":{"start":{"line":1,"column":29},"end":{"line":1,"column":56}},"1":{"start":{"line":2,"column":18},"end":{"line":2,"column":44}},"2":{"start":{"line":3,"column":21},"end":{"line":3,"column":50}},"3":{"start":{"line":4,"column":17},"end":{"line":4,"column":36}},"4":{"start":{"line":5,"column":16},"end":{"line":5,"column":34}},"5":{"start":{"line":6,"column":15},"end":{"line":6,"column":31}},"6":{"start":{"line":8,"column":0},"end":{"line":11,"column":3}},"7":{"start":{"line":9,"column":18},"end":{"line":9,"column":54}},"8":{"start":{"line":10,"column":2},"end":{"line":10,"column":20}},"9":{"start":{"line":13,"column":0},"end":{"line":49,"column":3}},"10":{"start":{"line":14,"column":20},"end":{"line":14,"column":38}},"11":{"start":{"line":15,"column":2},"end":{"line":15,"column":67}},"12":{"start":{"line":15,"column":13},"end":{"line":15,"column":67}},"13":{"start":{"line":17,"column":19},"end":{"line":17,"column":63}},"14":{"start":{"line":18,"column":2},"end":{"line":18,"column":66}},"15":{"start":{"line":18,"column":17},"end":{"line":18,"column":66}},"16":{"start":{"line":20,"column":16},"end":{"line":20,"column":54}},"17":{"start":{"line":21,"column":2},"end":{"line":21,"column":60}},"18":{"start":{"line":21,"column":14},"end":{"line":21,"column":60}},"19":{"start":{"line":23,"column":2},"end":{"line":24,"column":58}},"20":{"start":{"line":24,"column":4},"end":{"line":24,"column":58}},"21":{"start":{"line":26,"column":15},"end":{"line":37,"column":4}},"22":{"start":{"line":39,"column":2},"end":{"line":48,"column":3}},"23":{"start":{"line":40,"column":4},"end":{"line":40,"column":24}},"24":{"start":{"line":41,"column":4},"end":{"line":41,"column":26}},"25":{"start":{"line":42,"column":4},"end":{"line":42,"column":23}},"26":{"start":{"line":44,"column":4},"end":{"line":44,"column":21}},"27":{"start":{"line":46,"column":4},"end":{"line":46,"column":63}},"28":{"start":{"line":47,"column":4},"end":{"line":47,"column":50}},"29":{"start":{"line":51,"column":0},"end":{"line":57,"column":3}},"30":{"start":{"line":52,"column":17},"end":{"line":52,"column":53}},"31":{"start":{"line":54,"column":2},"end":{"line":55,"column":79}},"32":{"start":{"line":55,"column":4},"end":{"line":55,"column":79}},"33":{"start":{"line":56,"column":2},"end":{"line":56,"column":19}},"34":{"start":{"line":59,"column":0},"end":{"line":59,"column":24}}},"fnMap":{"0":{"name":"(anonymous_0)","decl":{"start":{"line":8,"column":16},"end":{"line":8,"column":17}},"loc":{"start":{"line":8,"column":36},"end":{"line":11,"column":1}},"line":8},"1":{"name":"(anonymous_1)","decl":{"start":{"line":13,"column":17},"end":{"line":13,"column":18}},"loc":{"start":{"line":13,"column":37},"end":{"line":49,"column":1}},"line":13},"2":{"name":"(anonymous_2)","decl":{"start":{"line":51,"column":19},"end":{"line":51,"column":20}},"loc":{"start":{"line":51,"column":39},"end":{"line":57,"column":1}},"line":51}},"branchMap":{"0":{"loc":{"start":{"line":15,"column":2},"end":{"line":15,"column":67}},"type":"if","locations":[{"start":{"line":15,"column":2},"end":{"line":15,"column":67}},{"start":{},"end":{}}],"line":15},"1":{"loc":{"start":{"line":18,"column":2},"end":{"line":18,"column":66}},"type":"if","locations":[{"start":{"line":18,"column":2},"end":{"line":18,"column":66}},{"start":{},"end":{}}],"line":18},"2":{"loc":{"start":{"line":21,"column":2},"end":{"line":21,"column":60}},"type":"if","locations":[{"start":{"line":21,"column":2},"end":{"line":21,"column":60}},{"start":{},"end":{}}],"line":21},"3":{"loc":{"start":{"line":23,"column":2},"end":{"line":24,"column":58}},"type":"if","locations":[{"start":{"line":23,"column":2},"end":{"line":24,"column":58}},{"start":{},"end":{}}],"line":23},"4":{"loc":{"start":{"line":54,"column":2},"end":{"line":55,"column":79}},"type":"if","locations":[{"start":{"line":54,"column":2},"end":{"line":55,"column":79}},{"start":{},"end":{}}],"line":54}},"s":{"0":3,"1":3,"2":3,"3":3,"4":3,"5":3,"6":3,"7":0,"8":0,"9":3,"10":0,"11":0,"12":0,"13":0,"14":0,"15":0,"16":0,"17":0,"18":0,"19":0,"20":0,"21":0,"22":0,"23":0,"24":0,"25":0,"26":0,"27":0,"28":0,"29":3,"30":0,"31":0,"32":0,"33":0,"34":3},"f":{"0":0,"1":0,"2":0},"b":{"0":[0,0],"1":[0,0],"2":[0,0],"3":[0,0],"4":[0,0]},"_coverageSchema":"1a1c01bbd47fc00a2c39e90264f33305004495a9","hash":"57809797f3fb428ce930cd5334cc1f636f9f8591"}
,"C:\\vscode\\project\\vidly\\routes\\returns.js": {"path":"C:\\vscode\\project\\vidly\\routes\\returns.js","statementMap":{"0":{"start":{"line":1,"column":12},"end":{"line":1,"column":26}},"1":{"start":{"line":2,"column":19},"end":{"line":2,"column":46}},"2":{"start":{"line":3,"column":18},"end":{"line":3,"column":44}},"3":{"start":{"line":4,"column":13},"end":{"line":4,"column":42}},"4":{"start":{"line":5,"column":17},"end":{"line":5,"column":50}},"5":{"start":{"line":6,"column":16},"end":{"line":6,"column":34}},"6":{"start":{"line":8,"column":15},"end":{"line":8,"column":31}},"7":{"start":{"line":10,"column":0},"end":{"line":30,"column":3}},"8":{"start":{"line":11,"column":17},"end":{"line":11,"column":75}},"9":{"start":{"line":13,"column":2},"end":{"line":13,"column":64}},"10":{"start":{"line":13,"column":15},"end":{"line":13,"column":64}},"11":{"start":{"line":15,"column":2},"end":{"line":16,"column":61}},"12":{"start":{"line":16,"column":4},"end":{"line":16,"column":61}},"13":{"start":{"line":18,"column":2},"end":{"line":18,"column":18}},"14":{"start":{"line":20,"column":2},"end":{"line":20,"column":22}},"15":{"start":{"line":22,"column":2},"end":{"line":27,"column":4}},"16":{"start":{"line":29,"column":2},"end":{"line":29,"column":26}},"17":{"start":{"line":33,"column":17},"end":{"line":36,"column":4}},"18":{"start":{"line":38,"column":2},"end":{"line":38,"column":30}},"19":{"start":{"line":41,"column":0},"end":{"line":41,"column":24}}},"fnMap":{"0":{"name":"(anonymous_0)","decl":{"start":{"line":10,"column":51},"end":{"line":10,"column":52}},"loc":{"start":{"line":10,"column":71},"end":{"line":30,"column":1}},"line":10},"1":{"name":"validateReturn","decl":{"start":{"line":32,"column":9},"end":{"line":32,"column":23}},"loc":{"start":{"line":32,"column":29},"end":{"line":39,"column":1}},"line":32}},"branchMap":{"0":{"loc":{"start":{"line":13,"column":2},"end":{"line":13,"column":64}},"type":"if","locations":[{"start":{"line":13,"column":2},"end":{"line":13,"column":64}},{"start":{},"end":{}}],"line":13},"1":{"loc":{"start":{"line":15,"column":2},"end":{"line":16,"column":61}},"type":"if","locations":[{"start":{"line":15,"column":2},"end":{"line":16,"column":61}},{"start":{},"end":{}}],"line":15}},"s":{"0":3,"1":3,"2":3,"3":3,"4":3,"5":3,"6":3,"7":3,"8":7,"9":7,"10":1,"11":6,"12":1,"13":5,"14":5,"15":5,"16":5,"17":9,"18":9,"19":3},"f":{"0":7,"1":9},"b":{"0":[1,6],"1":[1,5]},"_coverageSchema":"1a1c01bbd47fc00a2c39e90264f33305004495a9","hash":"fe32f02abe5e17f61a4e31edb55d798abd8c427c"}
,"C:\\vscode\\project\\vidly\\routes\\users.js": {"path":"C:\\vscode\\project\\vidly\\routes\\users.js","statementMap":{"0":{"start":{"line":1,"column":12},"end":{"line":1,"column":35}},"1":{"start":{"line":2,"column":15},"end":{"line":2,"column":32}},"2":{"start":{"line":3,"column":15},"end":{"line":3,"column":32}},"3":{"start":{"line":4,"column":10},"end":{"line":4,"column":27}},"4":{"start":{"line":5,"column":31},"end":{"line":5,"column":56}},"5":{"start":{"line":6,"column":16},"end":{"line":6,"column":34}},"6":{"start":{"line":7,"column":13},"end":{"line":7,"column":42}},"7":{"start":{"line":8,"column":15},"end":{"line":8,"column":31}},"8":{"start":{"line":10,"column":0},"end":{"line":13,"column":3}},"9":{"start":{"line":11,"column":15},"end":{"line":11,"column":68}},"10":{"start":{"line":12,"column":2},"end":{"line":12,"column":17}},"11":{"start":{"line":15,"column":0},"end":{"line":31,"column":3}},"12":{"start":{"line":16,"column":20},"end":{"line":16,"column":42}},"13":{"start":{"line":17,"column":2},"end":{"line":17,"column":67}},"14":{"start":{"line":17,"column":13},"end":{"line":17,"column":67}},"15":{"start":{"line":19,"column":13},"end":{"line":19,"column":58}},"16":{"start":{"line":20,"column":2},"end":{"line":20,"column":68}},"17":{"start":{"line":20,"column":12},"end":{"line":20,"column":68}},"18":{"start":{"line":22,"column":2},"end":{"line":22,"column":67}},"19":{"start":{"line":23,"column":15},"end":{"line":23,"column":39}},"20":{"start":{"line":24,"column":2},"end":{"line":24,"column":57}},"21":{"start":{"line":25,"column":2},"end":{"line":25,"column":20}},"22":{"start":{"line":27,"column":16},"end":{"line":27,"column":40}},"23":{"start":{"line":28,"column":2},"end":{"line":30,"column":50}},"24":{"start":{"line":32,"column":0},"end":{"line":32,"column":24}}},"fnMap":{"0":{"name":"(anonymous_0)","decl":{"start":{"line":10,"column":24},"end":{"line":10,"column":25}},"loc":{"start":{"line":10,"column":44},"end":{"line":13,"column":1}},"line":10},"1":{"name":"(anonymous_1)","decl":{"start":{"line":15,"column":17},"end":{"line":15,"column":18}},"loc":{"start":{"line":15,"column":37},"end":{"line":31,"column":1}},"line":15}},"branchMap":{"0":{"loc":{"start":{"line":17,"column":2},"end":{"line":17,"column":67}},"type":"if","locations":[{"start":{"line":17,"column":2},"end":{"line":17,"column":67}},{"start":{},"end":{}}],"line":17},"1":{"loc":{"start":{"line":20,"column":2},"end":{"line":20,"column":68}},"type":"if","locations":[{"start":{"line":20,"column":2},"end":{"line":20,"column":68}},{"start":{},"end":{}}],"line":20}},"s":{"0":3,"1":3,"2":3,"3":3,"4":3,"5":3,"6":3,"7":3,"8":3,"9":0,"10":0,"11":3,"12":0,"13":0,"14":0,"15":0,"16":0,"17":0,"18":0,"19":0,"20":0,"21":0,"22":0,"23":0,"24":3},"f":{"0":0,"1":0},"b":{"0":[0,0],"1":[0,0]},"_coverageSchema":"1a1c01bbd47fc00a2c39e90264f33305004495a9","hash":"f87d32d899983073b12bedb89cd0fbeb73bd93a2"}
,"C:\\vscode\\project\\vidly\\startup\\config.js": {"path":"C:\\vscode\\project\\vidly\\startup\\config.js","statementMap":{"0":{"start":{"line":1,"column":15},"end":{"line":1,"column":32}},"1":{"start":{"line":3,"column":0},"end":{"line":8,"column":1}},"2":{"start":{"line":4,"column":4},"end":{"line":6,"column":7}},"3":{"start":{"line":5,"column":8},"end":{"line":5,"column":70}}},"fnMap":{"0":{"name":"(anonymous_0)","decl":{"start":{"line":3,"column":17},"end":{"line":3,"column":18}},"loc":{"start":{"line":3,"column":27},"end":{"line":8,"column":1}},"line":3}},"branchMap":{"0":{"loc":{"start":{"line":4,"column":4},"end":{"line":6,"column":7}},"type":"if","locations":[{"start":{"line":4,"column":4},"end":{"line":6,"column":7}},{"start":{},"end":{}}],"line":4}},"s":{"0":3,"1":3,"2":3,"3":0},"f":{"0":3},"b":{"0":[0,3]},"_coverageSchema":"1a1c01bbd47fc00a2c39e90264f33305004495a9","hash":"9e159e7dd77839fa2f16526ccdd4f8defea9eef0"}
,"C:\\vscode\\project\\vidly\\startup\\db.js": {"path":"C:\\vscode\\project\\vidly\\startup\\db.js","statementMap":{"0":{"start":{"line":1,"column":16},"end":{"line":1,"column":34}},"1":{"start":{"line":2,"column":17},"end":{"line":2,"column":36}},"2":{"start":{"line":3,"column":15},"end":{"line":3,"column":32}},"3":{"start":{"line":5,"column":0},"end":{"line":10,"column":2}},"4":{"start":{"line":6,"column":13},"end":{"line":6,"column":29}},"5":{"start":{"line":7,"column":2},"end":{"line":9,"column":54}},"6":{"start":{"line":9,"column":16},"end":{"line":9,"column":52}}},"fnMap":{"0":{"name":"(anonymous_0)","decl":{"start":{"line":5,"column":17},"end":{"line":5,"column":18}},"loc":{"start":{"line":5,"column":29},"end":{"line":10,"column":1}},"line":5},"1":{"name":"(anonymous_1)","decl":{"start":{"line":9,"column":10},"end":{"line":9,"column":11}},"loc":{"start":{"line":9,"column":16},"end":{"line":9,"column":52}},"line":9}},"branchMap":{},"s":{"0":3,"1":3,"2":3,"3":3,"4":3,"5":3,"6":3},"f":{"0":3,"1":3},"b":{},"_coverageSchema":"1a1c01bbd47fc00a2c39e90264f33305004495a9","hash":"4c5412169388e38f3fd6ca8e459424e324035a4a"}
,"C:\\vscode\\project\\vidly\\startup\\logging.js": {"path":"C:\\vscode\\project\\vidly\\startup\\logging.js","statementMap":{"0":{"start":{"line":1,"column":16},"end":{"line":1,"column":34}},"1":{"start":{"line":3,"column":0},"end":{"line":3,"column":32}},"2":{"start":{"line":5,"column":0},"end":{"line":17,"column":2}},"3":{"start":{"line":6,"column":2},"end":{"line":9,"column":4}},"4":{"start":{"line":11,"column":2},"end":{"line":13,"column":5}},"5":{"start":{"line":12,"column":4},"end":{"line":12,"column":13}},"6":{"start":{"line":15,"column":2},"end":{"line":15,"column":68}}},"fnMap":{"0":{"name":"(anonymous_0)","decl":{"start":{"line":5,"column":17},"end":{"line":5,"column":18}},"loc":{"start":{"line":5,"column":29},"end":{"line":17,"column":1}},"line":5},"1":{"name":"(anonymous_1)","decl":{"start":{"line":11,"column":35},"end":{"line":11,"column":36}},"loc":{"start":{"line":11,"column":43},"end":{"line":13,"column":3}},"line":11}},"branchMap":{},"s":{"0":3,"1":3,"2":3,"3":3,"4":3,"5":0,"6":3},"f":{"0":3,"1":0},"b":{},"_coverageSchema":"1a1c01bbd47fc00a2c39e90264f33305004495a9","hash":"5bb5a702b6aeb8a3edf493f26386c96191091d94"}
,"C:\\vscode\\project\\vidly\\startup\\routes.js": {"path":"C:\\vscode\\project\\vidly\\startup\\routes.js","statementMap":{"0":{"start":{"line":1,"column":15},"end":{"line":1,"column":42}},"1":{"start":{"line":2,"column":18},"end":{"line":2,"column":48}},"2":{"start":{"line":3,"column":15},"end":{"line":3,"column":42}},"3":{"start":{"line":4,"column":16},"end":{"line":4,"column":44}},"4":{"start":{"line":5,"column":14},"end":{"line":5,"column":40}},"5":{"start":{"line":6,"column":13},"end":{"line":6,"column":38}},"6":{"start":{"line":7,"column":16},"end":{"line":7,"column":44}},"7":{"start":{"line":8,"column":14},"end":{"line":8,"column":44}},"8":{"start":{"line":9,"column":16},"end":{"line":9,"column":34}},"9":{"start":{"line":11,"column":0},"end":{"line":21,"column":2}},"10":{"start":{"line":12,"column":2},"end":{"line":12,"column":26}},"11":{"start":{"line":13,"column":2},"end":{"line":13,"column":33}},"12":{"start":{"line":14,"column":2},"end":{"line":14,"column":39}},"13":{"start":{"line":15,"column":2},"end":{"line":15,"column":33}},"14":{"start":{"line":16,"column":2},"end":{"line":16,"column":35}},"15":{"start":{"line":17,"column":2},"end":{"line":17,"column":31}},"16":{"start":{"line":18,"column":2},"end":{"line":18,"column":29}},"17":{"start":{"line":19,"column":2},"end":{"line":19,"column":35}},"18":{"start":{"line":20,"column":2},"end":{"line":20,"column":17}}},"fnMap":{"0":{"name":"(anonymous_0)","decl":{"start":{"line":11,"column":17},"end":{"line":11,"column":18}},"loc":{"start":{"line":11,"column":32},"end":{"line":21,"column":1}},"line":11}},"branchMap":{},"s":{"0":3,"1":3,"2":3,"3":3,"4":3,"5":3,"6":3,"7":3,"8":3,"9":3,"10":3,"11":3,"12":3,"13":3,"14":3,"15":3,"16":3,"17":3,"18":3},"f":{"0":3},"b":{},"_coverageSchema":"1a1c01bbd47fc00a2c39e90264f33305004495a9","hash":"271a052a139d53faf25db3bd8efd647644ef347c"}
,"C:\\vscode\\project\\vidly\\startup\\validation.js": {"path":"C:\\vscode\\project\\vidly\\startup\\validation.js","statementMap":{"0":{"start":{"line":1,"column":12},"end":{"line":1,"column":26}},"1":{"start":{"line":3,"column":0},"end":{"line":5,"column":2}},"2":{"start":{"line":4,"column":2},"end":{"line":4,"column":46}}},"fnMap":{"0":{"name":"(anonymous_0)","decl":{"start":{"line":3,"column":17},"end":{"line":3,"column":18}},"loc":{"start":{"line":3,"column":29},"end":{"line":5,"column":1}},"line":3}},"branchMap":{},"s":{"0":3,"1":3,"2":3},"f":{"0":3},"b":{},"_coverageSchema":"1a1c01bbd47fc00a2c39e90264f33305004495a9","hash":"a4f818ffbf60e4176789cc179d701da8bb3ee630"}
}
